<?xml version="1.0" encoding="UTF-8"?>
<!-- Generated by org.testng.reporters.JUnitReportReporter -->
<testsuite hostname="VAIBHAVS-LAPTOP" name="testrest.postest_json" tests="1" failures="0" timestamp="28 Feb 2020 05:07:40 GMT" time="14.204" errors="0">
  <testcase name="createPlaceAPI" time="14.204" classname="testrest.postest_json"/>
</testsuite> <!-- testrest.postest_json -->
