<?xml version="1.0" encoding="UTF-8"?>
<!-- Generated by org.testng.reporters.JUnitReportReporter -->
<testsuite hostname="VAIBHAVS-LAPTOP" name="testrest.addbook_Static_data" tests="1" failures="0" timestamp="2 Mar 2020 03:49:52 GMT" time="7.158" errors="0">
  <testcase name="addbook" time="7.158" classname="testrest.addbook_Static_data"/>
</testsuite> <!-- testrest.addbook_Static_data -->
