<?xml version="1.0" encoding="UTF-8"?>
<!-- Generated by org.testng.reporters.JUnitReportReporter -->
<testsuite hostname="VAIBHAVS-LAPTOP" name="testrest.addbook_post_delete_para_dynamic" tests="6" failures="0" timestamp="28 Feb 2020 17:34:42 GMT" time="8.712" errors="0">
  <testcase name="addbook" time="0.423" classname="testrest.addbook_post_delete_para_dynamic"/>
  <testcase name="deletebook" time="0.593" classname="testrest.addbook_post_delete_para_dynamic"/>
  <testcase name="deletebook" time="1.018" classname="testrest.addbook_post_delete_para_dynamic"/>
  <testcase name="addbook" time="5.804" classname="testrest.addbook_post_delete_para_dynamic"/>
  <testcase name="deletebook" time="0.468" classname="testrest.addbook_post_delete_para_dynamic"/>
  <testcase name="addbook" time="0.406" classname="testrest.addbook_post_delete_para_dynamic"/>
</testsuite> <!-- testrest.addbook_post_delete_para_dynamic -->
