<?xml version="1.0" encoding="UTF-8"?>
<!-- Generated by org.testng.reporters.JUnitReportReporter -->
<testsuite hostname="VAIBHAVS-LAPTOP" name="testrest.addbook_dynamic" tests="1" failures="0" timestamp="28 Feb 2020 15:59:59 GMT" time="8.522" errors="0">
  <testcase name="jsonaddbook" time="8.522" classname="testrest.addbook_dynamic"/>
</testsuite> <!-- testrest.addbook_dynamic -->
