<?xml version="1.0" encoding="UTF-8"?>
<!-- Generated by org.testng.reporters.JUnitReportReporter -->
<testsuite hostname="VAIBHAVS-LAPTOP" name="testrest.addbook" tests="1" failures="0" timestamp="28 Feb 2020 14:34:48 GMT" time="9.421" errors="0">
  <testcase name="jsonaddbook" time="9.421" classname="testrest.addbook"/>
</testsuite> <!-- testrest.addbook -->
