<?xml version="1.0" encoding="UTF-8"?>
<!-- Generated by org.testng.reporters.JUnitReportReporter -->
<testsuite hostname="VAIBHAVS-LAPTOP" name="testrest.classbase" tests="1" failures="0" timestamp="26 Feb 2020 06:56:22 GMT" time="4.179" errors="0">
  <testcase name="getcase" time="4.179" classname="testrest.classbase"/>
</testsuite> <!-- testrest.classbase -->
