<?xml version="1.0" encoding="UTF-8"?>
<!-- Generated by org.testng.reporters.JUnitReportReporter -->
<testsuite hostname="VAIBHAVS-LAPTOP" name="testrest.postest_xml" tests="1" failures="0" timestamp="27 Feb 2020 10:02:28 GMT" time="6.719" errors="0">
  <testcase name="createPlaceAPI" time="6.719" classname="testrest.postest_xml"/>
</testsuite> <!-- testrest.postest_xml -->
