<?xml version="1.0" encoding="UTF-8"?>
<!-- Generated by org.testng.reporters.JUnitReportReporter -->
<testsuite hostname="VAIBHAVS-LAPTOP" name="testrest.postest_json_filter" tests="1" failures="0" timestamp="28 Feb 2020 06:56:23 GMT" time="4.981" errors="0">
  <testcase name="createPlaceAPI" time="4.981" classname="testrest.postest_json_filter"/>
</testsuite> <!-- testrest.postest_json_filter -->
